[0.313s] colcon DEBUG Command line arguments: ['/home/alexis/Documents/python/robotics/slobot-ai/aic-vision/.pixi/envs/default/bin/colcon', 'build', '--packages-select', 'aic_vision_ros', '--base-paths', 'ros_ws']
[0.313s] colcon DEBUG Parsed command line arguments: Namespace(log_base=None, log_level=None, verb_name='build', build_base='build', install_base='install', merge_install=False, symlink_install=False, test_result_base=None, continue_on_error=False, executor='parallel', parallel_workers=12, event_handlers=None, ignore_user_meta=False, metas=['./colcon.meta'], base_paths=['ros_ws'], packages_ignore=None, packages_ignore_regex=None, paths=None, packages_up_to=None, packages_up_to_regex=None, packages_above=None, packages_above_and_dependencies=None, packages_above_depth=None, packages_select_by_dep=None, packages_skip_by_dep=None, packages_skip_up_to=None, packages_select_build_failed=False, packages_skip_build_finished=False, packages_select_test_failures=False, packages_skip_test_passed=False, packages_select=['aic_vision_ros'], packages_skip=None, packages_select_regex=None, packages_skip_regex=None, packages_start=None, packages_end=None, cmake_args=None, cmake_target=None, cmake_target_skip_unavailable=False, cmake_clean_cache=False, cmake_clean_first=False, cmake_force_configure=False, ament_cmake_args=None, catkin_cmake_args=None, catkin_skip_building_tests=False, verb_parser=<colcon_defaults.argument_parser.defaults.DefaultArgumentsDecorator object at 0x7f577b738f80>, verb_extension=<colcon_core.verb.build.BuildVerb object at 0x7f577b7384a0>, main=<bound method BuildVerb.main of <colcon_core.verb.build.BuildVerb object at 0x7f577b7384a0>>)
[0.454s] colcon.colcon_core.package_discovery Level 1 discover_packages(colcon_meta) check parameters
[0.454s] colcon.colcon_core.package_discovery Level 1 discover_packages(recursive) check parameters
[0.454s] colcon.colcon_core.package_discovery Level 1 discover_packages(ignore) check parameters
[0.454s] colcon.colcon_core.package_discovery Level 1 discover_packages(path) check parameters
[0.454s] colcon.colcon_core.package_discovery Level 1 discover_packages(recursive) discover
[0.454s] colcon.colcon_core.package_discovery INFO Crawling recursively for packages in '/home/alexis/Documents/python/robotics/slobot-ai/aic-vision/ros_ws'
[0.454s] colcon.colcon_core.package_identification Level 1 _identify(ros_ws) by extensions ['ignore', 'ignore_ament_install']
[0.454s] colcon.colcon_core.package_identification Level 1 _identify(ros_ws) by extension 'ignore'
[0.455s] colcon.colcon_core.package_identification Level 1 _identify(ros_ws) by extension 'ignore_ament_install'
[0.455s] colcon.colcon_core.package_identification Level 1 _identify(ros_ws) by extensions ['colcon_pkg']
[0.455s] colcon.colcon_core.package_identification Level 1 _identify(ros_ws) by extension 'colcon_pkg'
[0.455s] colcon.colcon_core.package_identification Level 1 _identify(ros_ws) by extensions ['colcon_meta']
[0.455s] colcon.colcon_core.package_identification Level 1 _identify(ros_ws) by extension 'colcon_meta'
[0.455s] colcon.colcon_core.package_identification Level 1 _identify(ros_ws) by extensions ['ros']
[0.455s] colcon.colcon_core.package_identification Level 1 _identify(ros_ws) by extension 'ros'
[0.547s] colcon.colcon_core.package_identification Level 1 _identify(ros_ws) by extensions ['cmake', 'python']
[0.547s] colcon.colcon_core.package_identification Level 1 _identify(ros_ws) by extension 'cmake'
[0.547s] colcon.colcon_core.package_identification Level 1 _identify(ros_ws) by extension 'python'
[0.547s] colcon.colcon_core.package_identification Level 1 _identify(ros_ws) by extensions ['python_setup_py']
[0.547s] colcon.colcon_core.package_identification Level 1 _identify(ros_ws) by extension 'python_setup_py'
[0.548s] colcon.colcon_core.package_identification Level 1 _identify(ros_ws/src) by extensions ['ignore', 'ignore_ament_install']
[0.548s] colcon.colcon_core.package_identification Level 1 _identify(ros_ws/src) by extension 'ignore'
[0.548s] colcon.colcon_core.package_identification Level 1 _identify(ros_ws/src) by extension 'ignore_ament_install'
[0.548s] colcon.colcon_core.package_identification Level 1 _identify(ros_ws/src) by extensions ['colcon_pkg']
[0.548s] colcon.colcon_core.package_identification Level 1 _identify(ros_ws/src) by extension 'colcon_pkg'
[0.548s] colcon.colcon_core.package_identification Level 1 _identify(ros_ws/src) by extensions ['colcon_meta']
[0.548s] colcon.colcon_core.package_identification Level 1 _identify(ros_ws/src) by extension 'colcon_meta'
[0.548s] colcon.colcon_core.package_identification Level 1 _identify(ros_ws/src) by extensions ['ros']
[0.548s] colcon.colcon_core.package_identification Level 1 _identify(ros_ws/src) by extension 'ros'
[0.548s] colcon.colcon_core.package_identification Level 1 _identify(ros_ws/src) by extensions ['cmake', 'python']
[0.548s] colcon.colcon_core.package_identification Level 1 _identify(ros_ws/src) by extension 'cmake'
[0.548s] colcon.colcon_core.package_identification Level 1 _identify(ros_ws/src) by extension 'python'
[0.548s] colcon.colcon_core.package_identification Level 1 _identify(ros_ws/src) by extensions ['python_setup_py']
[0.548s] colcon.colcon_core.package_identification Level 1 _identify(ros_ws/src) by extension 'python_setup_py'
[0.548s] colcon.colcon_core.package_identification Level 1 _identify(ros_ws/src/aic_interfaces) by extensions ['ignore', 'ignore_ament_install']
[0.548s] colcon.colcon_core.package_identification Level 1 _identify(ros_ws/src/aic_interfaces) by extension 'ignore'
[0.548s] colcon.colcon_core.package_identification Level 1 _identify(ros_ws/src/aic_interfaces) by extension 'ignore_ament_install'
[0.548s] colcon.colcon_core.package_identification Level 1 _identify(ros_ws/src/aic_interfaces) by extensions ['colcon_pkg']
[0.548s] colcon.colcon_core.package_identification Level 1 _identify(ros_ws/src/aic_interfaces) by extension 'colcon_pkg'
[0.548s] colcon.colcon_core.package_identification Level 1 _identify(ros_ws/src/aic_interfaces) by extensions ['colcon_meta']
[0.548s] colcon.colcon_core.package_identification Level 1 _identify(ros_ws/src/aic_interfaces) by extension 'colcon_meta'
[0.548s] colcon.colcon_core.package_identification Level 1 _identify(ros_ws/src/aic_interfaces) by extensions ['ros']
[0.548s] colcon.colcon_core.package_identification Level 1 _identify(ros_ws/src/aic_interfaces) by extension 'ros'
[0.549s] colcon.colcon_core.package_identification Level 1 _identify(ros_ws/src/aic_interfaces) by extensions ['cmake', 'python']
[0.549s] colcon.colcon_core.package_identification Level 1 _identify(ros_ws/src/aic_interfaces) by extension 'cmake'
[0.549s] colcon.colcon_core.package_identification Level 1 _identify(ros_ws/src/aic_interfaces) by extension 'python'
[0.549s] colcon.colcon_core.package_identification Level 1 _identify(ros_ws/src/aic_interfaces) by extensions ['python_setup_py']
[0.549s] colcon.colcon_core.package_identification Level 1 _identify(ros_ws/src/aic_interfaces) by extension 'python_setup_py'
[0.549s] colcon.colcon_core.package_identification Level 1 _identify(ros_ws/src/aic_interfaces/aic_control_interfaces) by extensions ['ignore', 'ignore_ament_install']
[0.549s] colcon.colcon_core.package_identification Level 1 _identify(ros_ws/src/aic_interfaces/aic_control_interfaces) by extension 'ignore'
[0.549s] colcon.colcon_core.package_identification Level 1 _identify(ros_ws/src/aic_interfaces/aic_control_interfaces) by extension 'ignore_ament_install'
[0.549s] colcon.colcon_core.package_identification Level 1 _identify(ros_ws/src/aic_interfaces/aic_control_interfaces) by extensions ['colcon_pkg']
[0.549s] colcon.colcon_core.package_identification Level 1 _identify(ros_ws/src/aic_interfaces/aic_control_interfaces) by extension 'colcon_pkg'
[0.549s] colcon.colcon_core.package_identification Level 1 _identify(ros_ws/src/aic_interfaces/aic_control_interfaces) by extensions ['colcon_meta']
[0.549s] colcon.colcon_core.package_identification Level 1 _identify(ros_ws/src/aic_interfaces/aic_control_interfaces) by extension 'colcon_meta'
[0.549s] colcon.colcon_core.package_identification Level 1 _identify(ros_ws/src/aic_interfaces/aic_control_interfaces) by extensions ['ros']
[0.549s] colcon.colcon_core.package_identification Level 1 _identify(ros_ws/src/aic_interfaces/aic_control_interfaces) by extension 'ros'
[0.557s] colcon.colcon_core.package_identification DEBUG Package 'ros_ws/src/aic_interfaces/aic_control_interfaces' with type 'ros.ament_cmake' and name 'aic_control_interfaces'
[0.557s] colcon.colcon_core.package_identification Level 1 _identify(ros_ws/src/aic_interfaces/aic_engine_interfaces) by extensions ['ignore', 'ignore_ament_install']
[0.557s] colcon.colcon_core.package_identification Level 1 _identify(ros_ws/src/aic_interfaces/aic_engine_interfaces) by extension 'ignore'
[0.557s] colcon.colcon_core.package_identification Level 1 _identify(ros_ws/src/aic_interfaces/aic_engine_interfaces) by extension 'ignore_ament_install'
[0.557s] colcon.colcon_core.package_identification Level 1 _identify(ros_ws/src/aic_interfaces/aic_engine_interfaces) by extensions ['colcon_pkg']
[0.557s] colcon.colcon_core.package_identification Level 1 _identify(ros_ws/src/aic_interfaces/aic_engine_interfaces) by extension 'colcon_pkg'
[0.557s] colcon.colcon_core.package_identification Level 1 _identify(ros_ws/src/aic_interfaces/aic_engine_interfaces) by extensions ['colcon_meta']
[0.557s] colcon.colcon_core.package_identification Level 1 _identify(ros_ws/src/aic_interfaces/aic_engine_interfaces) by extension 'colcon_meta'
[0.557s] colcon.colcon_core.package_identification Level 1 _identify(ros_ws/src/aic_interfaces/aic_engine_interfaces) by extensions ['ros']
[0.557s] colcon.colcon_core.package_identification Level 1 _identify(ros_ws/src/aic_interfaces/aic_engine_interfaces) by extension 'ros'
[0.558s] colcon.colcon_core.package_identification DEBUG Package 'ros_ws/src/aic_interfaces/aic_engine_interfaces' with type 'ros.ament_cmake' and name 'aic_engine_interfaces'
[0.558s] colcon.colcon_core.package_identification Level 1 _identify(ros_ws/src/aic_interfaces/aic_model_interfaces) by extensions ['ignore', 'ignore_ament_install']
[0.558s] colcon.colcon_core.package_identification Level 1 _identify(ros_ws/src/aic_interfaces/aic_model_interfaces) by extension 'ignore'
[0.558s] colcon.colcon_core.package_identification Level 1 _identify(ros_ws/src/aic_interfaces/aic_model_interfaces) by extension 'ignore_ament_install'
[0.558s] colcon.colcon_core.package_identification Level 1 _identify(ros_ws/src/aic_interfaces/aic_model_interfaces) by extensions ['colcon_pkg']
[0.558s] colcon.colcon_core.package_identification Level 1 _identify(ros_ws/src/aic_interfaces/aic_model_interfaces) by extension 'colcon_pkg'
[0.558s] colcon.colcon_core.package_identification Level 1 _identify(ros_ws/src/aic_interfaces/aic_model_interfaces) by extensions ['colcon_meta']
[0.558s] colcon.colcon_core.package_identification Level 1 _identify(ros_ws/src/aic_interfaces/aic_model_interfaces) by extension 'colcon_meta'
[0.558s] colcon.colcon_core.package_identification Level 1 _identify(ros_ws/src/aic_interfaces/aic_model_interfaces) by extensions ['ros']
[0.558s] colcon.colcon_core.package_identification Level 1 _identify(ros_ws/src/aic_interfaces/aic_model_interfaces) by extension 'ros'
[0.559s] colcon.colcon_core.package_identification DEBUG Package 'ros_ws/src/aic_interfaces/aic_model_interfaces' with type 'ros.ament_cmake' and name 'aic_model_interfaces'
[0.559s] colcon.colcon_core.package_identification Level 1 _identify(ros_ws/src/aic_interfaces/aic_task_interfaces) by extensions ['ignore', 'ignore_ament_install']
[0.559s] colcon.colcon_core.package_identification Level 1 _identify(ros_ws/src/aic_interfaces/aic_task_interfaces) by extension 'ignore'
[0.559s] colcon.colcon_core.package_identification Level 1 _identify(ros_ws/src/aic_interfaces/aic_task_interfaces) by extension 'ignore_ament_install'
[0.559s] colcon.colcon_core.package_identification Level 1 _identify(ros_ws/src/aic_interfaces/aic_task_interfaces) by extensions ['colcon_pkg']
[0.559s] colcon.colcon_core.package_identification Level 1 _identify(ros_ws/src/aic_interfaces/aic_task_interfaces) by extension 'colcon_pkg'
[0.559s] colcon.colcon_core.package_identification Level 1 _identify(ros_ws/src/aic_interfaces/aic_task_interfaces) by extensions ['colcon_meta']
[0.559s] colcon.colcon_core.package_identification Level 1 _identify(ros_ws/src/aic_interfaces/aic_task_interfaces) by extension 'colcon_meta'
[0.559s] colcon.colcon_core.package_identification Level 1 _identify(ros_ws/src/aic_interfaces/aic_task_interfaces) by extensions ['ros']
[0.559s] colcon.colcon_core.package_identification Level 1 _identify(ros_ws/src/aic_interfaces/aic_task_interfaces) by extension 'ros'
[0.560s] colcon.colcon_core.package_identification DEBUG Package 'ros_ws/src/aic_interfaces/aic_task_interfaces' with type 'ros.ament_cmake' and name 'aic_task_interfaces'
[0.560s] colcon.colcon_core.package_identification Level 1 _identify(ros_ws/src/aic_model) by extensions ['ignore', 'ignore_ament_install']
[0.560s] colcon.colcon_core.package_identification Level 1 _identify(ros_ws/src/aic_model) by extension 'ignore'
[0.560s] colcon.colcon_core.package_identification Level 1 _identify(ros_ws/src/aic_model) by extension 'ignore_ament_install'
[0.560s] colcon.colcon_core.package_identification Level 1 _identify(ros_ws/src/aic_model) by extensions ['colcon_pkg']
[0.560s] colcon.colcon_core.package_identification Level 1 _identify(ros_ws/src/aic_model) by extension 'colcon_pkg'
[0.560s] colcon.colcon_core.package_identification Level 1 _identify(ros_ws/src/aic_model) by extensions ['colcon_meta']
[0.560s] colcon.colcon_core.package_identification Level 1 _identify(ros_ws/src/aic_model) by extension 'colcon_meta'
[0.560s] colcon.colcon_core.package_identification Level 1 _identify(ros_ws/src/aic_model) by extensions ['ros']
[0.560s] colcon.colcon_core.package_identification Level 1 _identify(ros_ws/src/aic_model) by extension 'ros'
[0.561s] colcon.colcon_core.package_identification DEBUG Package 'ros_ws/src/aic_model' with type 'ros.ament_python' and name 'aic_model'
[0.561s] colcon.colcon_core.package_identification Level 1 _identify(ros_ws/src/aic_vision_ros) by extensions ['ignore', 'ignore_ament_install']
[0.561s] colcon.colcon_core.package_identification Level 1 _identify(ros_ws/src/aic_vision_ros) by extension 'ignore'
[0.561s] colcon.colcon_core.package_identification Level 1 _identify(ros_ws/src/aic_vision_ros) by extension 'ignore_ament_install'
[0.561s] colcon.colcon_core.package_identification Level 1 _identify(ros_ws/src/aic_vision_ros) by extensions ['colcon_pkg']
[0.561s] colcon.colcon_core.package_identification Level 1 _identify(ros_ws/src/aic_vision_ros) by extension 'colcon_pkg'
[0.561s] colcon.colcon_core.package_identification Level 1 _identify(ros_ws/src/aic_vision_ros) by extensions ['colcon_meta']
[0.561s] colcon.colcon_core.package_identification Level 1 _identify(ros_ws/src/aic_vision_ros) by extension 'colcon_meta'
[0.561s] colcon.colcon_core.package_identification Level 1 _identify(ros_ws/src/aic_vision_ros) by extensions ['ros']
[0.561s] colcon.colcon_core.package_identification Level 1 _identify(ros_ws/src/aic_vision_ros) by extension 'ros'
[0.562s] colcon.colcon_core.package_identification DEBUG Package 'ros_ws/src/aic_vision_ros' with type 'ros.ament_python' and name 'aic_vision_ros'
[0.562s] colcon.colcon_core.package_discovery Level 1 discover_packages(recursive) using defaults
[0.598s] colcon.colcon_core.package_selection INFO Skipping not selected package 'aic_control_interfaces' in 'ros_ws/src/aic_interfaces/aic_control_interfaces'
[0.598s] colcon.colcon_core.package_selection INFO Skipping not selected package 'aic_engine_interfaces' in 'ros_ws/src/aic_interfaces/aic_engine_interfaces'
[0.598s] colcon.colcon_core.package_selection INFO Skipping not selected package 'aic_task_interfaces' in 'ros_ws/src/aic_interfaces/aic_task_interfaces'
[0.598s] colcon.colcon_core.package_selection INFO Skipping not selected package 'aic_model_interfaces' in 'ros_ws/src/aic_interfaces/aic_model_interfaces'
[0.598s] colcon.colcon_core.package_selection INFO Skipping not selected package 'aic_model' in 'ros_ws/src/aic_model'
[0.598s] colcon.colcon_core.verb Level 5 set package 'aic_vision_ros' build argument 'cmake_args' from command line to 'None'
[0.598s] colcon.colcon_core.verb Level 5 set package 'aic_vision_ros' build argument 'cmake_target' from command line to 'None'
[0.598s] colcon.colcon_core.verb Level 5 set package 'aic_vision_ros' build argument 'cmake_target_skip_unavailable' from command line to 'False'
[0.598s] colcon.colcon_core.verb Level 5 set package 'aic_vision_ros' build argument 'cmake_clean_cache' from command line to 'False'
[0.598s] colcon.colcon_core.verb Level 5 set package 'aic_vision_ros' build argument 'cmake_clean_first' from command line to 'False'
[0.598s] colcon.colcon_core.verb Level 5 set package 'aic_vision_ros' build argument 'cmake_force_configure' from command line to 'False'
[0.598s] colcon.colcon_core.verb Level 5 set package 'aic_vision_ros' build argument 'ament_cmake_args' from command line to 'None'
[0.598s] colcon.colcon_core.verb Level 5 set package 'aic_vision_ros' build argument 'catkin_cmake_args' from command line to 'None'
[0.598s] colcon.colcon_core.verb Level 5 set package 'aic_vision_ros' build argument 'catkin_skip_building_tests' from command line to 'False'
[0.598s] colcon.colcon_core.verb DEBUG Building package 'aic_vision_ros' with the following arguments: {'ament_cmake_args': None, 'build_base': '/home/alexis/Documents/python/robotics/slobot-ai/aic-vision/build/aic_vision_ros', 'catkin_cmake_args': None, 'catkin_skip_building_tests': False, 'cmake_args': None, 'cmake_clean_cache': False, 'cmake_clean_first': False, 'cmake_force_configure': False, 'cmake_target': None, 'cmake_target_skip_unavailable': False, 'install_base': '/home/alexis/Documents/python/robotics/slobot-ai/aic-vision/install/aic_vision_ros', 'merge_install': False, 'path': '/home/alexis/Documents/python/robotics/slobot-ai/aic-vision/ros_ws/src/aic_vision_ros', 'symlink_install': False, 'test_result_base': None}
[0.598s] colcon.colcon_core.executor INFO Executing jobs using 'parallel' executor
[0.599s] colcon.colcon_parallel_executor.executor.parallel DEBUG run_until_complete
[0.599s] colcon.colcon_ros.task.ament_python.build INFO Building ROS package in '/home/alexis/Documents/python/robotics/slobot-ai/aic-vision/ros_ws/src/aic_vision_ros' with build type 'ament_python'
[0.600s] colcon.colcon_core.shell Level 1 create_environment_hook('aic_vision_ros', 'ament_prefix_path')
[0.605s] colcon.colcon_core.plugin_system INFO Skipping extension 'colcon_core.shell.bat': Not used on non-Windows systems
[0.605s] colcon.colcon_core.shell INFO Creating environment hook '/home/alexis/Documents/python/robotics/slobot-ai/aic-vision/install/aic_vision_ros/share/aic_vision_ros/hook/ament_prefix_path.ps1'
[0.606s] colcon.colcon_core.shell INFO Creating environment descriptor '/home/alexis/Documents/python/robotics/slobot-ai/aic-vision/install/aic_vision_ros/share/aic_vision_ros/hook/ament_prefix_path.dsv'
[0.606s] colcon.colcon_core.shell INFO Creating environment hook '/home/alexis/Documents/python/robotics/slobot-ai/aic-vision/install/aic_vision_ros/share/aic_vision_ros/hook/ament_prefix_path.sh'
[0.607s] colcon.colcon_core.shell INFO Skip shell extension 'powershell' for command environment: Not usable outside of PowerShell
[0.607s] colcon.colcon_core.shell DEBUG Skip shell extension 'dsv' for command environment
[0.611s] colcon.colcon_ros.task.ament_python.build ERROR Failed to find the following files:
- /home/alexis/Documents/python/robotics/slobot-ai/aic-vision/install/aic_control_interfaces/share/aic_control_interfaces/package.sh
- /home/alexis/Documents/python/robotics/slobot-ai/aic-vision/install/aic_task_interfaces/share/aic_task_interfaces/package.sh
- /home/alexis/Documents/python/robotics/slobot-ai/aic-vision/install/aic_model_interfaces/share/aic_model_interfaces/package.sh
- /home/alexis/Documents/python/robotics/slobot-ai/aic-vision/install/aic_model/share/aic_model/package.sh
Check that the following packages have been built:
- aic_control_interfaces
- aic_task_interfaces
- aic_model_interfaces
- aic_model
[0.622s] colcon.colcon_parallel_executor.executor.parallel DEBUG closing loop
[0.622s] colcon.colcon_parallel_executor.executor.parallel DEBUG loop closed
[0.622s] colcon.colcon_parallel_executor.executor.parallel DEBUG run_until_complete finished with '1'
[0.622s] colcon.colcon_core.event_reactor DEBUG joining thread
[0.622s] colcon.colcon_core.event_reactor DEBUG joined thread
[0.622s] colcon.colcon_core.shell INFO Creating prefix script '/home/alexis/Documents/python/robotics/slobot-ai/aic-vision/install/local_setup.ps1'
[0.623s] colcon.colcon_core.shell INFO Creating prefix util module '/home/alexis/Documents/python/robotics/slobot-ai/aic-vision/install/_local_setup_util_ps1.py'
[0.624s] colcon.colcon_core.shell INFO Creating prefix chain script '/home/alexis/Documents/python/robotics/slobot-ai/aic-vision/install/setup.ps1'
[0.625s] colcon.colcon_core.shell INFO Creating prefix script '/home/alexis/Documents/python/robotics/slobot-ai/aic-vision/install/local_setup.sh'
[0.626s] colcon.colcon_core.shell INFO Creating prefix util module '/home/alexis/Documents/python/robotics/slobot-ai/aic-vision/install/_local_setup_util_sh.py'
[0.626s] colcon.colcon_core.shell INFO Creating prefix chain script '/home/alexis/Documents/python/robotics/slobot-ai/aic-vision/install/setup.sh'
[0.627s] colcon.colcon_core.shell INFO Creating prefix script '/home/alexis/Documents/python/robotics/slobot-ai/aic-vision/install/local_setup.bash'
[0.627s] colcon.colcon_core.shell INFO Creating prefix chain script '/home/alexis/Documents/python/robotics/slobot-ai/aic-vision/install/setup.bash'
[0.628s] colcon.colcon_core.shell INFO Creating prefix script '/home/alexis/Documents/python/robotics/slobot-ai/aic-vision/install/local_setup.zsh'
[0.628s] colcon.colcon_core.shell INFO Creating prefix chain script '/home/alexis/Documents/python/robotics/slobot-ai/aic-vision/install/setup.zsh'
